L 5466 2014-12-02 10:34:04 [MSG] main.vala:385: Shotwell Photo Manager 0.18.0
L 5466 2014-12-02 10:34:06 [MSG] main.vala:43: Verifying database ...
L 5466 2014-12-02 10:34:06 [MSG] VideoSupport.vala:374: interpreter state cookie not found; assuming all video thumbnails are out of date
L 5466 2014-12-02 10:34:10 [CRT] XMP Toolkit error 203: Duplicate property or field node

L 5466 2014-12-02 10:34:10 [WRN] Failed to decode XMP metadata.

L 5466 2014-12-02 10:34:10 [WRN] Directory Pentax, entry 0x0004: Data area exceeds data buffer, ignoring it.

L 5466 2014-12-02 10:34:10 [CRT] XMP Toolkit error 203: Duplicate property or field node

L 5466 2014-12-02 10:34:10 [WRN] Failed to decode XMP metadata.

L 5466 2014-12-02 10:34:10 [CRT] XMP Toolkit error 203: Duplicate property or field node

L 5466 2014-12-02 10:34:10 [WRN] Failed to decode XMP metadata.

L 5466 2014-12-02 10:34:11 [CRT] XMP Toolkit error 203: Duplicate property or field node

L 5466 2014-12-02 10:34:11 [WRN] Failed to decode XMP metadata.

L 5466 2014-12-02 10:34:11 [CRT] XMP Toolkit error 203: Duplicate property or field node

L 5466 2014-12-02 10:34:11 [WRN] Failed to decode XMP metadata.

L 5466 2014-12-02 10:34:11 [CRT] XMP Toolkit error 203: Duplicate property or field node

L 5466 2014-12-02 10:34:11 [WRN] Failed to decode XMP metadata.

L 5466 2014-12-02 10:34:11 [CRT] XMP Toolkit error 203: Duplicate property or field node

L 5466 2014-12-02 10:34:11 [WRN] Failed to decode XMP metadata.

L 5466 2014-12-02 10:34:12 [CRT] XMP Toolkit error 203: Duplicate property or field node

L 5466 2014-12-02 10:34:12 [WRN] Failed to decode XMP metadata.

L 5466 2014-12-02 10:34:13 [WRN] No namespace info available for XMP prefix `lr'
L 5466 2014-12-02 10:34:13 [WRN] No namespace info available for XMP prefix `lr'
L 5466 2014-12-02 10:34:13 [CRT] XMP Toolkit error 203: Duplicate property or field node

L 5466 2014-12-02 10:34:13 [WRN] Failed to decode XMP metadata.

L 5466 2014-12-02 10:34:13 [WRN] No namespace info available for XMP prefix `lr'
L 5466 2014-12-02 10:34:13 [WRN] No namespace info available for XMP prefix `lr'
L 5466 2014-12-02 10:34:13 [WRN] No namespace info available for XMP prefix `lr'
L 5466 2014-12-02 10:34:13 [WRN] No namespace info available for XMP prefix `lr'
L 5466 2014-12-02 10:34:13 [WRN] No namespace info available for XMP prefix `lr'
L 5466 2014-12-02 10:34:13 [WRN] No namespace info available for XMP prefix `lr'
L 5466 2014-12-02 10:34:13 [WRN] No namespace info available for XMP prefix `lr'
L 5466 2014-12-02 10:34:13 [WRN] No namespace info available for XMP prefix `lr'
L 5466 2014-12-02 10:34:13 [WRN] No namespace info available for XMP prefix `lr'
L 5466 2014-12-02 10:34:13 [WRN] No namespace info available for XMP prefix `lr'
L 5466 2014-12-02 10:34:13 [WRN] No namespace info available for XMP prefix `lr'
L 5466 2014-12-02 10:34:13 [WRN] No namespace info available for XMP prefix `lr'
L 5466 2014-12-02 10:34:13 [WRN] No namespace info available for XMP prefix `lr'
L 5466 2014-12-02 10:34:13 [WRN] No namespace info available for XMP prefix `lr'
L 5466 2014-12-02 10:34:13 [WRN] No namespace info available for XMP prefix `lr'
L 5466 2014-12-02 10:34:13 [WRN] No namespace info available for XMP prefix `lr'
L 5466 2014-12-02 10:34:13 [WRN] No namespace info available for XMP prefix `lr'
L 5466 2014-12-02 10:34:13 [WRN] No namespace info available for XMP prefix `lr'
L 5466 2014-12-02 10:34:14 [WRN] No namespace info available for XMP prefix `lr'
L 5466 2014-12-02 10:34:14 [WRN] No namespace info available for XMP prefix `lr'
L 5466 2014-12-02 10:34:14 [WRN] No namespace info available for XMP prefix `lr'
L 5466 2014-12-02 10:34:14 [WRN] No namespace info available for XMP prefix `lr'
L 5466 2014-12-02 10:34:14 [WRN] No namespace info available for XMP prefix `lr'
L 5466 2014-12-02 10:34:14 [WRN] No namespace info available for XMP prefix `lr'
L 5466 2014-12-02 10:34:14 [WRN] No namespace info available for XMP prefix `lr'
L 5466 2014-12-02 10:34:14 [WRN] No namespace info available for XMP prefix `lr'
L 5466 2014-12-02 10:34:14 [WRN] No namespace info available for XMP prefix `lr'
L 5466 2014-12-02 10:34:14 [WRN] No namespace info available for XMP prefix `lr'
L 5466 2014-12-02 10:34:14 [WRN] No namespace info available for XMP prefix `lr'
L 5466 2014-12-02 10:34:14 [WRN] No namespace info available for XMP prefix `lr'
L 5466 2014-12-02 10:34:14 [WRN] No namespace info available for XMP prefix `lr'
L 5466 2014-12-02 10:34:14 [WRN] No namespace info available for XMP prefix `lr'
L 5466 2014-12-02 10:34:14 [WRN] No namespace info available for XMP prefix `lr'
L 5466 2014-12-02 10:34:14 [WRN] No namespace info available for XMP prefix `lr'
L 5466 2014-12-02 10:34:14 [WRN] No namespace info available for XMP prefix `lr'
L 5466 2014-12-02 10:34:14 [WRN] No namespace info available for XMP prefix `lr'
L 5466 2014-12-02 10:34:14 [WRN] No namespace info available for XMP prefix `lr'
L 5466 2014-12-02 10:34:14 [WRN] No namespace info available for XMP prefix `lr'
L 5466 2014-12-02 10:34:15 [WRN] Directory Pentax, entry 0x0004: Data area exceeds data buffer, ignoring it.

L 5466 2014-12-02 10:34:15 [CRT] XMP Toolkit error 203: Duplicate property or field node

L 5466 2014-12-02 10:34:15 [WRN] Failed to decode XMP metadata.

L 5466 2014-12-02 10:34:15 [WRN] Directory Pentax, entry 0x0004: Data area exceeds data buffer, ignoring it.

L 5466 2014-12-02 10:34:15 [CRT] XMP Toolkit error 203: Duplicate property or field node

L 5466 2014-12-02 10:34:15 [WRN] Failed to decode XMP metadata.

L 5466 2014-12-02 10:34:17 [WRN] No namespace info available for XMP prefix `lr'
L 5466 2014-12-02 10:34:17 [WRN] No namespace info available for XMP prefix `lr'
L 5466 2014-12-02 10:34:17 [WRN] Directory Pentax, entry 0x0004: Data area exceeds data buffer, ignoring it.

L 5466 2014-12-02 10:34:17 [CRT] XMP Toolkit error 203: Duplicate property or field node

L 5466 2014-12-02 10:34:17 [WRN] Failed to decode XMP metadata.

L 5466 2014-12-02 10:34:17 [WRN] No namespace info available for XMP prefix `lr'
L 5466 2014-12-02 10:34:17 [WRN] No namespace info available for XMP prefix `lr'
L 5466 2014-12-02 10:34:17 [WRN] No namespace info available for XMP prefix `lr'
L 5466 2014-12-02 10:34:17 [WRN] No namespace info available for XMP prefix `lr'
L 5466 2014-12-02 10:34:17 [WRN] No namespace info available for XMP prefix `lr'
L 5466 2014-12-02 10:34:17 [WRN] No namespace info available for XMP prefix `lr'
L 5466 2014-12-02 10:34:17 [WRN] No namespace info available for XMP prefix `lr'
L 5466 2014-12-02 10:34:17 [WRN] No namespace info available for XMP prefix `lr'
L 5466 2014-12-02 10:34:17 [WRN] No namespace info available for XMP prefix `lr'
L 5466 2014-12-02 10:34:17 [WRN] No namespace info available for XMP prefix `lr'
L 5466 2014-12-02 10:34:17 [WRN] No namespace info available for XMP prefix `lr'
L 5466 2014-12-02 10:34:17 [WRN] No namespace info available for XMP prefix `lr'
L 5466 2014-12-02 10:34:17 [WRN] No namespace info available for XMP prefix `lr'
L 5466 2014-12-02 10:34:17 [WRN] No namespace info available for XMP prefix `lr'
L 5466 2014-12-02 10:34:17 [WRN] No namespace info available for XMP prefix `lr'
L 5466 2014-12-02 10:34:17 [WRN] No namespace info available for XMP prefix `lr'
L 5466 2014-12-02 10:34:17 [WRN] No namespace info available for XMP prefix `lr'
L 5466 2014-12-02 10:34:17 [WRN] No namespace info available for XMP prefix `lr'
L 5466 2014-12-02 10:34:17 [CRT] XMP Toolkit error 203: Duplicate property or field node

L 5466 2014-12-02 10:34:17 [WRN] Failed to decode XMP metadata.

L 5466 2014-12-02 10:34:18 [CRT] XMP Toolkit error 203: Duplicate property or field node

L 5466 2014-12-02 10:34:18 [WRN] Failed to decode XMP metadata.

L 5466 2014-12-02 10:34:19 [WRN] No namespace info available for XMP prefix `lr'
L 5466 2014-12-02 10:34:19 [WRN] No namespace info available for XMP prefix `lr'
L 5466 2014-12-02 10:34:19 [WRN] No namespace info available for XMP prefix `lr'
L 5466 2014-12-02 10:34:19 [WRN] No namespace info available for XMP prefix `lr'
L 5466 2014-12-02 10:34:19 [WRN] No namespace info available for XMP prefix `lr'
L 5466 2014-12-02 10:34:19 [WRN] No namespace info available for XMP prefix `lr'
L 5466 2014-12-02 10:34:19 [WRN] No namespace info available for XMP prefix `lr'
L 5466 2014-12-02 10:34:19 [WRN] No namespace info available for XMP prefix `lr'
L 5466 2014-12-02 10:34:19 [WRN] No namespace info available for XMP prefix `lr'
L 5466 2014-12-02 10:34:19 [WRN] No namespace info available for XMP prefix `lr'
L 5466 2014-12-02 10:34:19 [CRT] XMP Toolkit error 203: Duplicate property or field node

L 5466 2014-12-02 10:34:19 [WRN] Failed to decode XMP metadata.

L 5466 2014-12-02 10:34:19 [WRN] No namespace info available for XMP prefix `lr'
L 5466 2014-12-02 10:34:19 [WRN] No namespace info available for XMP prefix `lr'
L 5466 2014-12-02 10:34:19 [WRN] No namespace info available for XMP prefix `lr'
L 5466 2014-12-02 10:34:19 [WRN] No namespace info available for XMP prefix `lr'
L 5466 2014-12-02 10:34:19 [WRN] No namespace info available for XMP prefix `lr'
L 5466 2014-12-02 10:34:19 [WRN] No namespace info available for XMP prefix `lr'
L 5466 2014-12-02 10:34:19 [WRN] No namespace info available for XMP prefix `lr'
L 5466 2014-12-02 10:34:19 [WRN] No namespace info available for XMP prefix `lr'
L 5466 2014-12-02 10:34:19 [WRN] No namespace info available for XMP prefix `lr'
L 5466 2014-12-02 10:34:19 [WRN] No namespace info available for XMP prefix `lr'
L 5466 2014-12-02 10:34:21 [WRN] No namespace info available for XMP prefix `lr'
L 5466 2014-12-02 10:34:21 [WRN] No namespace info available for XMP prefix `lr'
L 5466 2014-12-02 10:34:21 [WRN] No namespace info available for XMP prefix `lr'
L 5466 2014-12-02 10:34:21 [WRN] No namespace info available for XMP prefix `lr'
L 5466 2014-12-02 10:34:21 [WRN] No namespace info available for XMP prefix `lr'
L 5466 2014-12-02 10:34:21 [WRN] No namespace info available for XMP prefix `lr'
L 5466 2014-12-02 10:34:21 [WRN] No namespace info available for XMP prefix `lr'
L 5466 2014-12-02 10:34:21 [WRN] No namespace info available for XMP prefix `lr'
L 5466 2014-12-02 10:34:21 [WRN] No namespace info available for XMP prefix `lr'
L 5466 2014-12-02 10:34:21 [WRN] No namespace info available for XMP prefix `lr'
L 5466 2014-12-02 10:34:21 [WRN] No namespace info available for XMP prefix `lr'
L 5466 2014-12-02 10:34:21 [WRN] No namespace info available for XMP prefix `lr'
L 5466 2014-12-02 10:34:21 [WRN] No namespace info available for XMP prefix `lr'
L 5466 2014-12-02 10:34:21 [WRN] No namespace info available for XMP prefix `lr'
L 5466 2014-12-02 10:34:21 [WRN] No namespace info available for XMP prefix `lr'
L 5466 2014-12-02 10:34:21 [WRN] No namespace info available for XMP prefix `lr'
L 5466 2014-12-02 10:34:21 [WRN] No namespace info available for XMP prefix `lr'
L 5466 2014-12-02 10:34:21 [WRN] No namespace info available for XMP prefix `lr'
L 5466 2014-12-02 10:34:21 [WRN] No namespace info available for XMP prefix `lr'
L 5466 2014-12-02 10:34:21 [WRN] No namespace info available for XMP prefix `lr'
L 5466 2014-12-02 10:34:21 [CRT] XMP Toolkit error 203: Duplicate property or field node

L 5466 2014-12-02 10:34:21 [WRN] Failed to decode XMP metadata.

L 5466 2014-12-02 10:34:22 [CRT] XMP Toolkit error 203: Duplicate property or field node

L 5466 2014-12-02 10:34:22 [WRN] Failed to decode XMP metadata.

L 5466 2014-12-02 10:34:23 [WRN] No namespace info available for XMP prefix `lr'
L 5466 2014-12-02 10:34:23 [WRN] No namespace info available for XMP prefix `lr'
L 5466 2014-12-02 10:34:23 [WRN] No namespace info available for XMP prefix `lr'
L 5466 2014-12-02 10:34:23 [WRN] No namespace info available for XMP prefix `lr'
L 5466 2014-12-02 10:34:23 [WRN] No namespace info available for XMP prefix `lr'
L 5466 2014-12-02 10:34:23 [WRN] No namespace info available for XMP prefix `lr'
L 5466 2014-12-02 10:34:23 [WRN] No namespace info available for XMP prefix `lr'
L 5466 2014-12-02 10:34:23 [WRN] No namespace info available for XMP prefix `lr'
L 5466 2014-12-02 10:34:23 [WRN] No namespace info available for XMP prefix `lr'
L 5466 2014-12-02 10:34:23 [WRN] No namespace info available for XMP prefix `lr'
L 5466 2014-12-02 10:34:23 [CRT] XMP Toolkit error 203: Duplicate property or field node

L 5466 2014-12-02 10:34:23 [WRN] Failed to decode XMP metadata.

L 5466 2014-12-02 10:34:23 [WRN] No namespace info available for XMP prefix `lr'
L 5466 2014-12-02 10:34:23 [WRN] No namespace info available for XMP prefix `lr'
L 5466 2014-12-02 10:34:23 [WRN] No namespace info available for XMP prefix `lr'
L 5466 2014-12-02 10:34:23 [WRN] No namespace info available for XMP prefix `lr'
L 5466 2014-12-02 10:34:23 [WRN] No namespace info available for XMP prefix `lr'
L 5466 2014-12-02 10:34:23 [WRN] No namespace info available for XMP prefix `lr'
L 5466 2014-12-02 10:34:23 [WRN] No namespace info available for XMP prefix `lr'
L 5466 2014-12-02 10:34:23 [WRN] No namespace info available for XMP prefix `lr'
L 5466 2014-12-02 10:34:23 [WRN] No namespace info available for XMP prefix `lr'
L 5466 2014-12-02 10:34:23 [WRN] No namespace info available for XMP prefix `lr'
L 5466 2014-12-02 10:34:23 [CRT] XMP Toolkit error 203: Duplicate property or field node

L 5466 2014-12-02 10:34:23 [WRN] Failed to decode XMP metadata.

L 5466 2014-12-02 10:34:24 [CRT] XMP Toolkit error 203: Duplicate property or field node

L 5466 2014-12-02 10:34:24 [WRN] Failed to decode XMP metadata.

L 5466 2014-12-02 10:34:24 [WRN] No namespace info available for XMP prefix `lr'
L 5466 2014-12-02 10:34:24 [WRN] No namespace info available for XMP prefix `lr'
L 5466 2014-12-02 10:34:24 [WRN] No namespace info available for XMP prefix `lr'
L 5466 2014-12-02 10:34:24 [WRN] No namespace info available for XMP prefix `lr'
L 5466 2014-12-02 10:34:24 [CRT] XMP Toolkit error 203: Duplicate property or field node

L 5466 2014-12-02 10:34:24 [WRN] Failed to decode XMP metadata.

L 5466 2014-12-02 10:34:24 [WRN] No namespace info available for XMP prefix `lr'
L 5466 2014-12-02 10:34:24 [WRN] No namespace info available for XMP prefix `lr'
L 5466 2014-12-02 10:34:24 [WRN] No namespace info available for XMP prefix `lr'
L 5466 2014-12-02 10:34:24 [WRN] No namespace info available for XMP prefix `lr'
L 5466 2014-12-02 10:34:24 [WRN] No namespace info available for XMP prefix `lr'
L 5466 2014-12-02 10:34:24 [WRN] No namespace info available for XMP prefix `lr'
L 5466 2014-12-02 10:34:25 [WRN] No namespace info available for XMP prefix `lr'
L 5466 2014-12-02 10:34:25 [WRN] No namespace info available for XMP prefix `lr'
L 5466 2014-12-02 10:34:25 [WRN] No namespace info available for XMP prefix `lr'
L 5466 2014-12-02 10:34:25 [WRN] No namespace info available for XMP prefix `lr'
L 5466 2014-12-02 10:34:25 [WRN] No namespace info available for XMP prefix `lr'
L 5466 2014-12-02 10:34:25 [WRN] No namespace info available for XMP prefix `lr'
L 5466 2014-12-02 10:34:25 [WRN] No namespace info available for XMP prefix `lr'
L 5466 2014-12-02 10:34:25 [WRN] No namespace info available for XMP prefix `lr'
L 5466 2014-12-02 10:34:25 [WRN] No namespace info available for XMP prefix `lr'
L 5466 2014-12-02 10:34:25 [WRN] No namespace info available for XMP prefix `lr'
L 5466 2014-12-02 10:34:27 [WRN] No namespace info available for XMP prefix `lr'
L 5466 2014-12-02 10:34:27 [WRN] No namespace info available for XMP prefix `lr'
L 5466 2014-12-02 10:34:27 [WRN] No namespace info available for XMP prefix `lr'
L 5466 2014-12-02 10:34:27 [WRN] No namespace info available for XMP prefix `lr'
L 5466 2014-12-02 10:34:27 [WRN] No namespace info available for XMP prefix `lr'
L 5466 2014-12-02 10:34:27 [WRN] No namespace info available for XMP prefix `lr'
L 5466 2014-12-02 10:34:27 [WRN] No namespace info available for XMP prefix `lr'
L 5466 2014-12-02 10:34:27 [WRN] No namespace info available for XMP prefix `lr'
L 5466 2014-12-02 10:34:27 [WRN] No namespace info available for XMP prefix `lr'
L 5466 2014-12-02 10:34:27 [WRN] No namespace info available for XMP prefix `lr'
L 5466 2014-12-02 10:34:27 [WRN] No namespace info available for XMP prefix `lr'
L 5466 2014-12-02 10:34:27 [WRN] No namespace info available for XMP prefix `lr'
L 5466 2014-12-02 10:34:27 [WRN] No namespace info available for XMP prefix `lr'
L 5466 2014-12-02 10:34:27 [WRN] No namespace info available for XMP prefix `lr'
L 5466 2014-12-02 10:34:27 [WRN] No namespace info available for XMP prefix `lr'
L 5466 2014-12-02 10:34:27 [WRN] No namespace info available for XMP prefix `lr'
L 5466 2014-12-02 10:34:27 [WRN] No namespace info available for XMP prefix `lr'
L 5466 2014-12-02 10:34:27 [WRN] No namespace info available for XMP prefix `lr'
L 5466 2014-12-02 10:34:27 [WRN] No namespace info available for XMP prefix `lr'
L 5466 2014-12-02 10:34:27 [WRN] No namespace info available for XMP prefix `lr'
L 5466 2014-12-02 10:34:28 [WRN] No namespace info available for XMP prefix `lr'
L 5466 2014-12-02 10:34:28 [WRN] No namespace info available for XMP prefix `lr'
L 5466 2014-12-02 10:34:28 [WRN] No namespace info available for XMP prefix `lr'
L 5466 2014-12-02 10:34:28 [WRN] No namespace info available for XMP prefix `lr'
L 5466 2014-12-02 10:34:28 [WRN] No namespace info available for XMP prefix `lr'
L 5466 2014-12-02 10:34:28 [WRN] No namespace info available for XMP prefix `lr'
L 5466 2014-12-02 10:34:28 [WRN] No namespace info available for XMP prefix `lr'
L 5466 2014-12-02 10:34:28 [WRN] No namespace info available for XMP prefix `lr'
L 5466 2014-12-02 10:34:28 [WRN] No namespace info available for XMP prefix `lr'
L 5466 2014-12-02 10:34:28 [WRN] No namespace info available for XMP prefix `lr'
L 5466 2014-12-02 10:34:28 [WRN] No namespace info available for XMP prefix `lr'
L 5466 2014-12-02 10:34:28 [WRN] No namespace info available for XMP prefix `lr'
